2024-07-05 00:00:05,500 INFO org.springdoc.api.AbstractOpenApiResource [http-nio-8080-exec-9] Init duration for springdoc-openapi is: 260 ms
2024-07-05 00:01:51,476 INFO org.springframework.orm.jpa.AbstractEntityManagerFactoryBean [SpringApplicationShutdownHook] Closing JPA EntityManagerFactory for persistence unit 'default'
2024-07-05 00:01:51,481 INFO com.zaxxer.hikari.HikariDataSource [SpringApplicationShutdownHook] testservicedb - Shutdown initiated...
2024-07-05 00:01:51,496 INFO com.zaxxer.hikari.HikariDataSource [SpringApplicationShutdownHook] testservicedb - Shutdown completed.
2024-07-05 00:03:31,268 INFO org.hibernate.validator.internal.util.Version [background-preinit] HV000001: Hibernate Validator 8.0.1.Final
2024-07-05 00:03:31,298 INFO org.springframework.boot.StartupInfoLogger [restartedMain] Starting Application using Java 19.0.1 with PID 18808 (D:\JavaProjects\resume\test-service\target\classes started by 1 in D:\JavaProjects\resume\test-service)
2024-07-05 00:03:31,298 DEBUG org.springframework.boot.StartupInfoLogger [restartedMain] Running with Spring Boot v3.2.5, Spring v6.1.6
2024-07-05 00:03:31,300 INFO org.springframework.boot.SpringApplication [restartedMain] The following 1 profile is active: "dev"
2024-07-05 00:03:31,559 INFO org.springframework.boot.logging.DeferredLog [restartedMain] Devtools property defaults active! Set 'spring.devtools.add-properties' to 'false' to disable
2024-07-05 00:03:31,559 INFO org.springframework.boot.logging.DeferredLog [restartedMain] For additional web related logging consider setting the 'logging.level.web' property to 'DEBUG'
2024-07-05 00:03:31,577 INFO org.springframework.boot.docker.compose.lifecycle.DockerComposeLifecycleManager [restartedMain] Using Docker Compose file 'D:\JavaProjects\resume\test-service\docker-compose.yaml'
2024-07-05 00:03:38,010 INFO org.springframework.boot.docker.compose.lifecycle.DockerComposeLifecycleManager [restartedMain] There are already Docker Compose services running, skipping startup
2024-07-05 00:03:39,052 INFO org.springframework.data.repository.config.RepositoryConfigurationDelegate [restartedMain] Multiple Spring Data modules found, entering strict repository configuration mode
2024-07-05 00:03:39,054 INFO org.springframework.data.repository.config.RepositoryConfigurationDelegate [restartedMain] Bootstrapping Spring Data JPA repositories in DEFAULT mode.
2024-07-05 00:03:39,087 INFO org.springframework.data.repository.config.RepositoryConfigurationExtensionSupport [restartedMain] Spring Data JPA - Could not safely identify store assignment for repository candidate interface com.w4t3rcs.test.repository.ArticleRepository; If you want this repository to be a JPA repository, consider annotating your entities with one of these annotations: jakarta.persistence.Entity, jakarta.persistence.MappedSuperclass (preferred), or consider extending one of the following types with your repository: org.springframework.data.jpa.repository.JpaRepository
2024-07-05 00:03:39,187 INFO org.springframework.data.repository.config.RepositoryConfigurationDelegate [restartedMain] Finished Spring Data repository scanning in 123 ms. Found 2 JPA repository interfaces.
2024-07-05 00:03:39,378 INFO org.springframework.data.repository.config.RepositoryConfigurationDelegate [restartedMain] Multiple Spring Data modules found, entering strict repository configuration mode
2024-07-05 00:03:39,379 INFO org.springframework.data.repository.config.RepositoryConfigurationDelegate [restartedMain] Bootstrapping Spring Data Elasticsearch repositories in DEFAULT mode.
2024-07-05 00:03:39,383 INFO org.springframework.data.repository.config.RepositoryConfigurationExtensionSupport [restartedMain] Spring Data Elasticsearch - Could not safely identify store assignment for repository candidate interface com.w4t3rcs.test.repository.RelationRepository; If you want this repository to be a Elasticsearch repository, consider annotating your entities with one of these annotations: org.springframework.data.elasticsearch.annotations.Document (preferred), or consider extending one of the following types with your repository: org.springframework.data.elasticsearch.repository.ElasticsearchRepository, org.springframework.data.elasticsearch.repository.ElasticsearchRepository
2024-07-05 00:03:39,383 INFO org.springframework.data.repository.config.RepositoryConfigurationExtensionSupport [restartedMain] Spring Data Elasticsearch - Could not safely identify store assignment for repository candidate interface com.w4t3rcs.test.repository.UserRepository; If you want this repository to be a Elasticsearch repository, consider annotating your entities with one of these annotations: org.springframework.data.elasticsearch.annotations.Document (preferred), or consider extending one of the following types with your repository: org.springframework.data.elasticsearch.repository.ElasticsearchRepository, org.springframework.data.elasticsearch.repository.ElasticsearchRepository
2024-07-05 00:03:39,385 INFO org.springframework.data.repository.config.RepositoryConfigurationDelegate [restartedMain] Finished Spring Data repository scanning in 7 ms. Found 1 Elasticsearch repository interface.
2024-07-05 00:03:39,389 INFO org.springframework.data.repository.config.RepositoryConfigurationDelegate [restartedMain] Multiple Spring Data modules found, entering strict repository configuration mode
2024-07-05 00:03:39,389 INFO org.springframework.data.repository.config.RepositoryConfigurationDelegate [restartedMain] Bootstrapping Spring Data Reactive Elasticsearch repositories in DEFAULT mode.
2024-07-05 00:03:39,393 INFO org.springframework.data.repository.config.RepositoryConfigurationExtensionSupport [restartedMain] Spring Data Reactive Elasticsearch - Could not safely identify store assignment for repository candidate interface com.w4t3rcs.test.repository.RelationRepository; If you want this repository to be a Reactive Elasticsearch repository, consider annotating your entities with one of these annotations: org.springframework.data.elasticsearch.annotations.Document (preferred), or consider extending one of the following types with your repository: org.springframework.data.elasticsearch.repository.ReactiveElasticsearchRepository
2024-07-05 00:03:39,393 INFO org.springframework.data.repository.config.RepositoryConfigurationExtensionSupport [restartedMain] Spring Data Reactive Elasticsearch - Could not safely identify store assignment for repository candidate interface com.w4t3rcs.test.repository.UserRepository; If you want this repository to be a Reactive Elasticsearch repository, consider annotating your entities with one of these annotations: org.springframework.data.elasticsearch.annotations.Document (preferred), or consider extending one of the following types with your repository: org.springframework.data.elasticsearch.repository.ReactiveElasticsearchRepository
2024-07-05 00:03:39,393 INFO org.springframework.data.repository.config.RepositoryConfigurationDelegate [restartedMain] Finished Spring Data repository scanning in 4 ms. Found 0 Reactive Elasticsearch repository interfaces.
2024-07-05 00:03:39,402 INFO org.springframework.data.repository.config.RepositoryConfigurationDelegate [restartedMain] Multiple Spring Data modules found, entering strict repository configuration mode
2024-07-05 00:03:39,403 INFO org.springframework.data.repository.config.RepositoryConfigurationDelegate [restartedMain] Bootstrapping Spring Data Redis repositories in DEFAULT mode.
2024-07-05 00:03:39,413 INFO org.springframework.data.repository.config.RepositoryConfigurationExtensionSupport [restartedMain] Spring Data Redis - Could not safely identify store assignment for repository candidate interface com.w4t3rcs.test.repository.ArticleRepository; If you want this repository to be a Redis repository, consider annotating your entities with one of these annotations: org.springframework.data.redis.core.RedisHash (preferred), or consider extending one of the following types with your repository: org.springframework.data.keyvalue.repository.KeyValueRepository
2024-07-05 00:03:39,413 INFO org.springframework.data.repository.config.RepositoryConfigurationExtensionSupport [restartedMain] Spring Data Redis - Could not safely identify store assignment for repository candidate interface com.w4t3rcs.test.repository.RelationRepository; If you want this repository to be a Redis repository, consider annotating your entities with one of these annotations: org.springframework.data.redis.core.RedisHash (preferred), or consider extending one of the following types with your repository: org.springframework.data.keyvalue.repository.KeyValueRepository
2024-07-05 00:03:39,413 INFO org.springframework.data.repository.config.RepositoryConfigurationExtensionSupport [restartedMain] Spring Data Redis - Could not safely identify store assignment for repository candidate interface com.w4t3rcs.test.repository.UserRepository; If you want this repository to be a Redis repository, consider annotating your entities with one of these annotations: org.springframework.data.redis.core.RedisHash (preferred), or consider extending one of the following types with your repository: org.springframework.data.keyvalue.repository.KeyValueRepository
2024-07-05 00:03:39,413 INFO org.springframework.data.repository.config.RepositoryConfigurationDelegate [restartedMain] Finished Spring Data repository scanning in 3 ms. Found 0 Redis repository interfaces.
2024-07-05 00:03:40,147 INFO org.springframework.boot.web.embedded.tomcat.TomcatWebServer [restartedMain] Tomcat initialized with port 8080 (http)
2024-07-05 00:03:40,157 INFO org.apache.juli.logging.DirectJDKLog [restartedMain] Initializing ProtocolHandler ["http-nio-8080"]
2024-07-05 00:03:40,158 INFO org.apache.juli.logging.DirectJDKLog [restartedMain] Starting service [Tomcat]
2024-07-05 00:03:40,159 INFO org.apache.juli.logging.DirectJDKLog [restartedMain] Starting Servlet engine: [Apache Tomcat/10.1.20]
2024-07-05 00:03:40,232 INFO org.apache.juli.logging.DirectJDKLog [restartedMain] Initializing Spring embedded WebApplicationContext
2024-07-05 00:03:40,232 INFO org.springframework.boot.web.servlet.context.ServletWebServerApplicationContext [restartedMain] Root WebApplicationContext: initialization completed in 2209 ms
2024-07-05 00:03:41,160 INFO liquibase.logging.core.JavaLogger [restartedMain] Reading from testservicedb.DATABASECHANGELOG
2024-07-05 00:03:41,208 INFO liquibase.logging.core.JavaLogger [restartedMain] Reading from testservicedb.DATABASECHANGELOG
2024-07-05 00:03:41,215 INFO liquibase.logging.core.JavaLogger [restartedMain] UPDATE SUMMARY
2024-07-05 00:03:41,215 INFO liquibase.logging.core.JavaLogger [restartedMain] Run:                          0
2024-07-05 00:03:41,215 INFO liquibase.logging.core.JavaLogger [restartedMain] Previously run:               1
2024-07-05 00:03:41,215 INFO liquibase.logging.core.JavaLogger [restartedMain] Filtered out:                 0
2024-07-05 00:03:41,216 INFO liquibase.logging.core.JavaLogger [restartedMain] -------------------------------
2024-07-05 00:03:41,216 INFO liquibase.logging.core.JavaLogger [restartedMain] Total change sets:            1
2024-07-05 00:03:41,216 INFO liquibase.logging.core.JavaLogger [restartedMain] Update summary generated
2024-07-05 00:03:41,241 INFO liquibase.logging.core.JavaLogger [restartedMain] Successfully released change log lock
2024-07-05 00:03:41,243 INFO liquibase.logging.core.JavaLogger [restartedMain] Command execution complete
2024-07-05 00:03:41,324 INFO org.hibernate.jpa.internal.util.LogHelper [restartedMain] HHH000204: Processing PersistenceUnitInfo [name: default]
2024-07-05 00:03:41,375 INFO org.hibernate.Version [restartedMain] HHH000412: Hibernate ORM core version 6.4.4.Final
2024-07-05 00:03:41,415 INFO org.hibernate.cache.internal.RegionFactoryInitiator [restartedMain] HHH000026: Second-level cache disabled
2024-07-05 00:03:41,620 INFO org.springframework.orm.jpa.persistenceunit.SpringPersistenceUnitInfo [restartedMain] No LoadTimeWeaver setup: ignoring JPA class transformer
2024-07-05 00:03:41,643 INFO com.zaxxer.hikari.HikariDataSource [restartedMain] testservicedb - Starting...
2024-07-05 00:03:41,671 INFO com.zaxxer.hikari.pool.HikariPool [restartedMain] testservicedb - Added connection com.mysql.cj.jdbc.ConnectionImpl@4d199a6d
2024-07-05 00:03:41,673 INFO com.zaxxer.hikari.HikariDataSource [restartedMain] testservicedb - Start completed.
2024-07-05 00:03:42,525 INFO org.hibernate.engine.transaction.jta.platform.internal.JtaPlatformInitiator [restartedMain] HHH000489: No JTA platform available (set 'hibernate.transaction.jta.platform' to enable JTA platform integration)
2024-07-05 00:03:43,069 INFO org.springframework.orm.jpa.AbstractEntityManagerFactoryBean [restartedMain] Initialized JPA EntityManagerFactory for persistence unit 'default'
2024-07-05 00:03:43,450 INFO org.springframework.boot.devtools.autoconfigure.OptionalLiveReloadServer [restartedMain] LiveReload server is running on port 35729
2024-07-05 00:03:44,492 WARN org.springframework.boot.autoconfigure.orm.jpa.JpaBaseConfiguration$JpaWebConfiguration [restartedMain] spring.jpa.open-in-view is enabled by default. Therefore, database queries may be performed during view rendering. Explicitly configure spring.jpa.open-in-view to disable this warning
2024-07-05 00:03:44,749 WARN org.springframework.boot.autoconfigure.thymeleaf.ThymeleafAutoConfiguration$DefaultTemplateResolverConfiguration [restartedMain] Cannot find template location: classpath:/templates/ (please add some templates, check your Thymeleaf configuration, or set spring.thymeleaf.check-template-location=false)
2024-07-05 00:03:45,639 INFO org.springframework.boot.actuate.endpoint.web.EndpointLinksResolver [restartedMain] Exposing 15 endpoint(s) beneath base path '/actuator'
2024-07-05 00:03:45,723 INFO org.apache.juli.logging.DirectJDKLog [restartedMain] Starting ProtocolHandler ["http-nio-8080"]
2024-07-05 00:03:45,733 INFO org.springframework.boot.web.embedded.tomcat.TomcatWebServer [restartedMain] Tomcat started on port 8080 (http) with context path ''
2024-07-05 00:03:45,751 INFO org.springframework.boot.StartupInfoLogger [restartedMain] Started Application in 14.917 seconds (process running for 15.795)
2024-07-05 00:03:45,992 INFO org.apache.juli.logging.DirectJDKLog [RMI TCP Connection(2)-172.31.208.1] Initializing Spring DispatcherServlet 'dispatcherServlet'
2024-07-05 00:03:45,994 INFO org.springframework.web.servlet.FrameworkServlet [RMI TCP Connection(2)-172.31.208.1] Initializing Servlet 'dispatcherServlet'
2024-07-05 00:03:45,999 INFO org.springframework.web.servlet.FrameworkServlet [RMI TCP Connection(2)-172.31.208.1] Completed initialization in 4 ms
2024-07-05 00:03:46,215 WARN de.codecentric.boot.admin.client.registration.DefaultApplicationRegistrator [registrationTask1] Failed to register application as Application(name=test-service, managementUrl=http://DESKTOP-DTRBI3C.mshome.net:8080/actuator, healthUrl=http://DESKTOP-DTRBI3C.mshome.net:8080/actuator/health, serviceUrl=http://DESKTOP-DTRBI3C.mshome.net:8080/) at spring-boot-admin ([http://localhost:8080/instances]): 404 : "{"timestamp":"2024-07-04T22:03:46.184+00:00","status":404,"error":"Not Found","trace":"org.springframework.web.servlet.resource.NoResourceFoundException: No static resource instances.\r\n\tat org.springframework.web.servlet.resource.ResourceHttpRequestHandler.handleRequest(ResourceHttpRequestHandler.java:585)\r\n\tat org.springframework.web.servlet.mvc.HttpRequestHandlerAdapter.handle(HttpRequestHandlerAdapter.java:52)\r\n\tat org.springframework.web.servlet.DispatcherServlet.doDispatch(DispatcherServlet.java:1089)\r\n\tat org.springframework.web.servlet.DispatcherServlet.doService(DispatcherServlet.java:979)\r\n\tat org.springframework.web.servlet.FrameworkServlet.processRequest(FrameworkServlet.java:1014)\r\n\tat org.springframework.web.servlet.FrameworkServlet.doPost(FrameworkServlet.java:914)\r\n\tat jakarta.servlet.http.HttpServlet.service(HttpServlet.java:590)\r\n\tat org.springframework.web.servlet.FrameworkServlet.service(FrameworkServlet.java:885)\r\n\tat jakarta.servlet.http.HttpServlet.service(HttpServlet.java:658)\r\n\tat org.apache.catalina.core.ApplicationFilterChain.internalDoFilter(ApplicationFilterChain.java:206)\r\n\tat org.apache.catalina.core.ApplicationFilterChain.doFilter(ApplicationFilterChain.java:150)\r\n\tat org.apache.tomcat.websocket.server.WsFilter.doFilter(WsFilter.java:51)\r\n\tat org.apache.catalina.core.ApplicationFilterChain.internalDoFilter(ApplicationFilterChain.java:175)\r\n\tat org.apache.catalina.core.ApplicationFilterChain.doFilter(ApplicationFilterChain.java:150)\r\n\tat org.springframework.web.filter.RequestContextFilter.doFilterInternal(RequestContextFilter.java:100)\r\n\tat org.springframework.web.filter.OncePerRequestFilter.doFilter(OncePerRequestFilter.java:116)\r\n\tat org.apache.catalina.core.ApplicationFilterChain.internalDoFilter(ApplicationFilterChain.java:175)\r\n\tat org.apache.catalina.core.ApplicationFilterChain.doFilter(ApplicationFilterChain.java:150)\r\n\tat org.springframework.web.filter.FormContentFilter.doFilterInternal(FormContentFilter.java:93)\r\n\tat org.springframework.web.filter.OncePerRequestFilter.doFilter(OncePerRequestFilter.java:116)\r\n\tat org.apache.catalina.core.ApplicationFilterChain.internalDoFilter(ApplicationFilterChain.java:175)\r\n\tat org.apache.catalina.core.ApplicationFilterChain.doFilter(ApplicationFilterChain.java:150)\r\n\tat org.springframework.web.filter.HiddenHttpMethodFilter.doFilterInternal(HiddenHttpMethodFilter.java:91)\r\n\tat org.springframework.web.filter.OncePerRequestFilter.doFilter(OncePerRequestFilter.java:116)\r\n\tat org.apache.catalina.core.ApplicationFilterChain.internalDoFilter(ApplicationFilterChain.java:175)\r\n\tat org.apache.catalina.core.ApplicationFilterChain.doFilter(ApplicationFilterChain.java:150)\r\n\tat org.springframework.web.filter.ServerHttpObservationFilter.doFilterInternal(ServerHttpObservationFilter.java:109)\r\n\tat org.springframework.web.filter.OncePerRequestFilter.doFilter(OncePerRequestFilter.java:116)\r\n\tat org.apache.catalina.core.ApplicationFilterChain.internalDoFilter(ApplicationFilterChain.java:175)\r\n\tat org.apache.catalina.core.ApplicationFilterChain.doFilter(ApplicationFilterChain.java:150)\r\n\tat org.springframework.web.filter.CharacterEncodingFilter.doFilterInternal(CharacterEncodingFilter.java:201)\r\n\tat org.springframework.web.filter.OncePerRequestFilter.doFilter(OncePerRequestFilter.java:116)\r\n\tat org.apache.catalina.core.ApplicationFilterChain.internalDoFilter(ApplicationFilterChain.java:175)\r\n\tat org.apache.catalina.core.ApplicationFilterChain.doFilter(ApplicationFilterChain.java:150)\r\n\tat org.apache.catalina.core.StandardWrapperValve.invoke(StandardWrapperValve.java:167)\r\n\tat org.apache.catalina.core.StandardContextValve.invoke(StandardContextValve.java:90)\r\n\tat org.apache.catalina.authenticator.AuthenticatorBase.invoke(AuthenticatorBase.java:482)\r\n\tat org.apache.catalina.core.StandardHostValve.invoke(StandardHostValve.java:115)\r\n\tat org.apache.catalina.valves.ErrorReportValve.invoke(ErrorReportValve.java:93)\r\n\tat org.apache.catalina.core.StandardEngineValve.invoke(StandardEngineValve.java:74)\r\n\tat org.apache.catalina.connector.CoyoteAdapter.service(CoyoteAdapter.java:344)\r\n\tat org.apache.coyote.http11.Http11Processor.service(Http11Processor.java:391)\r\n\tat org.apache.coyote.AbstractProcessorLight.process(AbstractProcessorLight.java:63)\r\n\tat org.apache.coyote.AbstractProtocol$ConnectionHandler.process(AbstractProtocol.java:896)\r\n\tat org.apache.tomcat.util.net.NioEndpoint$SocketProcessor.doRun(NioEndpoint.java:1736)\r\n\tat org.apache.tomcat.util.net.SocketProcessorBase.run(SocketProcessorBase.java:52)\r\n\tat org.apache.tomcat.util.threads.ThreadPoolExecutor.runWorker(ThreadPoolExecutor.java:1191)\r\n\tat org.apache.tomcat.util.threads.ThreadPoolExecutor$Worker.run(ThreadPoolExecutor.java:659)\r\n\tat org.apache.tomcat.util.threads.TaskThread$WrappingRunnable.run(TaskThread.java:63)\r\n\tat java.base/java.lang.Thread.run(Thread.java:1589)\r\n","message":"No static resource instances.","path":"/instances"}". Further attempts are logged on DEBUG level
2024-07-05 00:03:56,432 WARN org.springframework.boot.actuate.health.AbstractReactiveHealthIndicator [boundedElastic-1] Redis health check failed
org.springframework.data.redis.RedisConnectionFailureException: Unable to connect to Redis
	at org.springframework.data.redis.connection.lettuce.LettuceConnectionFactory$ExceptionTranslatingConnectionProvider.translateException(LettuceConnectionFactory.java:1795)
	at org.springframework.data.redis.connection.lettuce.LettuceConnectionFactory$ExceptionTranslatingConnectionProvider.getConnection(LettuceConnectionFactory.java:1726)
	at org.springframework.data.redis.connection.lettuce.LettuceConnectionFactory$SharedConnection.getNativeConnection(LettuceConnectionFactory.java:1528)
	at org.springframework.data.redis.connection.lettuce.LettuceConnectionFactory$SharedConnection.lambda$getConnection$0(LettuceConnectionFactory.java:1508)
	at org.springframework.data.redis.connection.lettuce.LettuceConnectionFactory.doInLock(LettuceConnectionFactory.java:1469)
	at org.springframework.data.redis.connection.lettuce.LettuceConnectionFactory$SharedConnection.getConnection(LettuceConnectionFactory.java:1505)
	at org.springframework.data.redis.connection.lettuce.LettuceConnectionFactory.getSharedReactiveConnection(LettuceConnectionFactory.java:1216)
	at org.springframework.data.redis.connection.lettuce.LettuceConnectionFactory.getReactiveConnection(LettuceConnectionFactory.java:1091)
	at org.springframework.data.redis.connection.lettuce.LettuceConnectionFactory.getReactiveConnection(LettuceConnectionFactory.java:118)
	at reactor.core.publisher.MonoSupplier.call(MonoSupplier.java:67)
	at reactor.core.publisher.FluxSubscribeOnCallable$CallableSubscribeOnSubscription.run(FluxSubscribeOnCallable.java:228)
	at reactor.core.scheduler.SchedulerTask.call(SchedulerTask.java:68)
	at reactor.core.scheduler.SchedulerTask.call(SchedulerTask.java:28)
	at java.base/java.util.concurrent.FutureTask.run(FutureTask.java:317)
	at java.base/java.util.concurrent.ScheduledThreadPoolExecutor$ScheduledFutureTask.run(ScheduledThreadPoolExecutor.java:304)
	at java.base/java.util.concurrent.ThreadPoolExecutor.runWorker(ThreadPoolExecutor.java:1144)
	at java.base/java.util.concurrent.ThreadPoolExecutor$Worker.run(ThreadPoolExecutor.java:642)
	at java.base/java.lang.Thread.run(Thread.java:1589)
Caused by: org.springframework.data.redis.connection.PoolException: Could not get a resource from the pool
	at org.springframework.data.redis.connection.lettuce.LettucePoolingConnectionProvider.getConnection(LettucePoolingConnectionProvider.java:104)
	at org.springframework.data.redis.connection.lettuce.LettuceConnectionFactory$ExceptionTranslatingConnectionProvider.getConnection(LettuceConnectionFactory.java:1724)
	... 16 common frames omitted
Caused by: io.lettuce.core.RedisConnectionException: Unable to connect to 127.0.0.1/<unresolved>:6379
	at io.lettuce.core.RedisConnectionException.create(RedisConnectionException.java:78)
	at io.lettuce.core.RedisConnectionException.create(RedisConnectionException.java:56)
	at io.lettuce.core.AbstractRedisClient.getConnection(AbstractRedisClient.java:350)
	at io.lettuce.core.RedisClient.connect(RedisClient.java:215)
	at org.springframework.data.redis.connection.lettuce.StandaloneConnectionProvider.lambda$getConnection$1(StandaloneConnectionProvider.java:112)
	at java.base/java.util.Optional.orElseGet(Optional.java:364)
	at org.springframework.data.redis.connection.lettuce.StandaloneConnectionProvider.getConnection(StandaloneConnectionProvider.java:112)
	at org.springframework.data.redis.connection.lettuce.LettucePoolingConnectionProvider.lambda$getConnection$0(LettucePoolingConnectionProvider.java:93)
	at io.lettuce.core.support.ConnectionPoolSupport$RedisPooledObjectFactory.create(ConnectionPoolSupport.java:211)
	at io.lettuce.core.support.ConnectionPoolSupport$RedisPooledObjectFactory.create(ConnectionPoolSupport.java:201)
	at org.apache.commons.pool2.BasePooledObjectFactory.makeObject(BasePooledObjectFactory.java:71)
	at org.apache.commons.pool2.impl.GenericObjectPool.create(GenericObjectPool.java:566)
	at org.apache.commons.pool2.impl.GenericObjectPool.borrowObject(GenericObjectPool.java:306)
	at org.apache.commons.pool2.impl.GenericObjectPool.borrowObject(GenericObjectPool.java:233)
	at io.lettuce.core.support.ConnectionPoolSupport$1.borrowObject(ConnectionPoolSupport.java:122)
	at io.lettuce.core.support.ConnectionPoolSupport$1.borrowObject(ConnectionPoolSupport.java:117)
	at org.springframework.data.redis.connection.lettuce.LettucePoolingConnectionProvider.getConnection(LettucePoolingConnectionProvider.java:99)
	... 17 common frames omitted
Caused by: io.netty.handler.ssl.SslHandshakeTimeoutException: handshake timed out after 10000ms
	at io.netty.handler.ssl.SslHandler$7.run(SslHandler.java:2217)
	at io.netty.util.concurrent.PromiseTask.runTask(PromiseTask.java:98)
	at io.netty.util.concurrent.ScheduledFutureTask.run(ScheduledFutureTask.java:153)
	at io.netty.util.concurrent.AbstractEventExecutor.runTask(AbstractEventExecutor.java:173)
	at io.netty.util.concurrent.AbstractEventExecutor.safeExecute(AbstractEventExecutor.java:166)
	at io.netty.util.concurrent.SingleThreadEventExecutor.runAllTasks(SingleThreadEventExecutor.java:470)
	at io.netty.channel.nio.NioEventLoop.run(NioEventLoop.java:569)
	at io.netty.util.concurrent.SingleThreadEventExecutor$4.run(SingleThreadEventExecutor.java:997)
	at io.netty.util.internal.ThreadExecutorMap$2.run(ThreadExecutorMap.java:74)
	at io.netty.util.concurrent.FastThreadLocalRunnable.run(FastThreadLocalRunnable.java:30)
	... 1 common frames omitted
2024-07-05 00:03:56,439 WARN org.springframework.boot.actuate.health.HealthEndpointSupport [RMI TCP Connection(1)-172.31.208.1] Health contributor org.springframework.boot.actuate.autoconfigure.health.HealthEndpointConfiguration$AdaptedReactiveHealthContributors$1 (redis) took 10382ms to respond
2024-07-05 00:04:09,752 INFO org.springdoc.api.AbstractOpenApiResource [http-nio-8080-exec-2] Init duration for springdoc-openapi is: 285 ms
2024-07-05 00:04:43,727 INFO org.springframework.orm.jpa.AbstractEntityManagerFactoryBean [SpringApplicationShutdownHook] Closing JPA EntityManagerFactory for persistence unit 'default'
2024-07-05 00:04:43,732 INFO com.zaxxer.hikari.HikariDataSource [SpringApplicationShutdownHook] testservicedb - Shutdown initiated...
2024-07-05 00:04:43,748 INFO com.zaxxer.hikari.HikariDataSource [SpringApplicationShutdownHook] testservicedb - Shutdown completed.
